<?xml version="1.0" encoding="UTF-8"?>
<testsuite name="AddressBookTest" tests="1" skipped="0" failures="0" errors="0" timestamp="2019-12-06T06:46:30" hostname="FH400" time="0.415">
  <properties/>
  <testcase name="ForPersonDetails_checkIfFieldsAreGettingAddedToJsonFile" classname="AddressBookTest" time="0.415"/>
  <system-out><![CDATA[]]></system-out>
  <system-err><![CDATA[]]></system-err>
</testsuite>
