<?xml version="1.0" encoding="UTF-8"?>
<testsuite name="AddressBookTest" tests="1" skipped="0" failures="0" errors="0" timestamp="2019-12-05T13:37:50" hostname="FH400" time="0.007">
  <properties/>
  <testcase name="ForPersonDetails_doesNotCreateFileIfAlreadyExists" classname="AddressBookTest" time="0.007"/>
  <system-out><![CDATA[]]></system-out>
  <system-err><![CDATA[]]></system-err>
</testsuite>
