<?xml version="1.0" encoding="UTF-8"?>
<testsuite name="AddressBookTest" tests="1" skipped="0" failures="0" errors="0" timestamp="2019-12-06T11:51:02" hostname="FH400" time="0.124">
  <properties/>
  <testcase name="forPersonDetails_doesNotEditsRecords_IfContactNotFound" classname="AddressBookTest" time="0.124"/>
  <system-out><![CDATA[]]></system-out>
  <system-err><![CDATA[]]></system-err>
</testsuite>
