<?xml version="1.0" encoding="UTF-8"?>
<testsuite name="AddressBookTest" tests="1" skipped="0" failures="0" errors="0" timestamp="2019-12-06T07:43:12" hostname="FH400" time="0.274">
  <properties/>
  <testcase name="ForPersonDetails_deleteParticularRecordFromFileShouldReturnfalse_ifNotPresent" classname="AddressBookTest" time="0.274"/>
  <system-out><![CDATA[]]></system-out>
  <system-err><![CDATA[]]></system-err>
</testsuite>
