<?xml version="1.0" encoding="UTF-8"?>
<testsuite name="AddressBookTest" tests="1" skipped="0" failures="0" errors="0" timestamp="2019-12-05T13:25:24" hostname="FH400" time="0.003">
  <properties/>
  <testcase name="ForPersonDetails_checkIfFileIsAvailable" classname="AddressBookTest" time="0.003"/>
  <system-out><![CDATA[]]></system-out>
  <system-err><![CDATA[]]></system-err>
</testsuite>
